1 0.0 0.0 0.0
2 -0.5 5.0 20.0
3 0.7 -5.0 -20.0
4 -1.7 10.0 50.0
5 1.6 -10.0 -80.0
6 -2.6 15.0 80.0
7 0.5 2.0 -10.0
8 -1.0 8.0 10.0

1 0.5 -5.0 -20.0
2 0.0 0.0 0.0
3 1.2 -10.0 -40.0
4 -1.2 5.0 30.0
5 2.1 -15.0 -100.0
6 -2.1 10.0 60.0
7 1.0 -3.0 -30.0
8 -0.5 3.0 -10.0

1 -1.5 5.0 50.0
2 -2.0 10.0 70.0
3 -0.8 0.0 30.0
4 -3.2 15.0 100.0
5 0.1 -5.0 -30.0
6 -4.1 20.0 130.0
7 -1.0 7.0 40.0
8 -2.5 13.0 60.0

1 2.0 -10.0 -50.0
2 1.5 -5.0 -30.0
3 2.7 -15.0 -70.0
4 0.3 0.0 0.0
5 3.6 -20.0 -130.0
6 -0.6 5.0 30.0
7 2.5 -8.0 -60.0
8 1.0 -2.0 -40.0
